<?xml version="1.0" encoding="UTF-8"?>
<testng-results ignored="0" total="2" passed="2" failed="0" skipped="0">
  <reporter-output>
  </reporter-output>
  <suite started-at="2022-07-21T15:27:34 CDT" name="Default suite" finished-at="2022-07-21T15:27:44 CDT" duration-ms="10486">
    <groups>
    </groups>
    <test started-at="2022-07-21T15:27:34 CDT" name="Default test" finished-at="2022-07-21T15:27:44 CDT" duration-ms="10486">
      <class name="test.AddCustomerTest">
        <test-method signature="userShouldBeAbleToCreatNewCustomer()[pri:0, instance:test.AddCustomerTest@6754ef00]" started-at="2022-07-21T15:27:34 CDT" name="userShouldBeAbleToCreatNewCustomer" finished-at="2022-07-21T15:27:41 CDT" duration-ms="6975" status="PASS">
          <reporter-output>
          </reporter-output>
        </test-method> <!-- userShouldBeAbleToCreatNewCustomer -->
      </class> <!-- test.AddCustomerTest -->
      <class name="test.LoginTest">
        <test-method signature="validUserShouldBeAbleToLogin()[pri:0, instance:test.LoginTest@6a1ebcff]" started-at="2022-07-21T15:27:41 CDT" name="validUserShouldBeAbleToLogin" finished-at="2022-07-21T15:27:44 CDT" duration-ms="3415" status="PASS">
          <reporter-output>
          </reporter-output>
        </test-method> <!-- validUserShouldBeAbleToLogin -->
      </class> <!-- test.LoginTest -->
    </test> <!-- Default test -->
  </suite> <!-- Default suite -->
</testng-results>
